<?xml version="1.0" encoding="UTF-8"?>
<testng-results ignored="0" total="1" passed="1" failed="0" skipped="0">
  <reporter-output>
  </reporter-output>
  <suite started-at="2026-02-04T20:36:58 CST" name="Suite" finished-at="2026-02-04T20:36:58 CST" duration-ms="64">
    <groups>
      <group name="smoke">
        <method signature="Demo1Test.fruitsTest()[pri:0, instance:practice.Demo1Test@38c6f217]" name="fruitsTest" class="practice.Demo1Test"/>
      </group> <!-- smoke -->
    </groups>
    <test started-at="2026-02-04T20:36:58 CST" name="Test" finished-at="2026-02-04T20:36:58 CST" duration-ms="64">
      <class name="practice.Demo1Test">
        <test-method signature="fruitsTest()[pri:0, instance:practice.Demo1Test@38c6f217]" started-at="2026-02-04T20:36:58 CST" name="fruitsTest" finished-at="2026-02-04T20:36:58 CST" duration-ms="13" status="PASS">
          <reporter-output>
          </reporter-output>
        </test-method> <!-- fruitsTest -->
      </class> <!-- practice.Demo1Test -->
    </test> <!-- Test -->
  </suite> <!-- Suite -->
</testng-results>
